<?xml version="1.0" encoding="UTF-8"?>
<testsuite xmlns:xsi="http://www.w3.org/2001/XMLSchema-instance" xsi:noNamespaceSchemaLocation="https://maven.apache.org/surefire/maven-surefire-plugin/xsd/surefire-test-report.xsd" name="com.mulesoft.training.HelloMavenTest" time="3.136" tests="1" errors="0" skipped="0" failures="0">
  <properties>
    <property name="gopherProxySet" value="false"/>
    <property name="awt.toolkit" value="sun.lwawt.macosx.LWCToolkit"/>
    <property name="file.encoding.pkg" value="sun.io"/>
    <property name="java.specification.version" value="1.8"/>
    <property name="sun.cpu.isalist" value=""/>
    <property name="sun.jnu.encoding" value="UTF-8"/>
    <property name="java.class.path" value="/Users/maxgolov/advanced/studio/maven-project/target/test-classes:/Users/maxgolov/advanced/studio/maven-project/target/classes:/Users/maxgolov/.m2/repository/org/apache/activemq/activemq-kahadb-store/5.15.8/activemq-kahadb-store-5.15.8.jar:/Users/maxgolov/.m2/repository/org/apache/activemq/protobuf/activemq-protobuf/1.1/activemq-protobuf-1.1.jar:/Users/maxgolov/.m2/repository/org/apache/geronimo/specs/geronimo-j2ee-management_1.1_spec/1.0.1/geronimo-j2ee-management_1.1_spec-1.0.1.jar:/Users/maxgolov/.m2/repository/commons-net/commons-net/3.6/commons-net-3.6.jar:/Users/maxgolov/.m2/repository/org/apache/activemq/activemq-broker/5.15.8/activemq-broker-5.15.8.jar:/Users/maxgolov/.m2/repository/org/apache/activemq/activemq-openwire-legacy/5.15.8/activemq-openwire-legacy-5.15.8.jar:/Users/maxgolov/.m2/repository/com/google/guava/guava/18.0/guava-18.0.jar:/Users/maxgolov/.m2/repository/com/fasterxml/jackson/core/jackson-databind/2.9.6/jackson-databind-2.9.6.jar:/Users/maxgolov/.m2/repository/com/fasterxml/jackson/core/jackson-annotations/2.9.0/jackson-annotations-2.9.0.jar:/Users/maxgolov/.m2/repository/com/fasterxml/jackson/core/jackson-core/2.9.6/jackson-core-2.9.6.jar:/Users/maxgolov/.m2/repository/org/apache/activemq/activemq-client/5.15.8/activemq-client-5.15.8.jar:/Users/maxgolov/.m2/repository/org/slf4j/slf4j-api/1.7.25/slf4j-api-1.7.25.jar:/Users/maxgolov/.m2/repository/org/apache/geronimo/specs/geronimo-jms_1.1_spec/1.1.1/geronimo-jms_1.1_spec-1.1.1.jar:/Users/maxgolov/.m2/repository/org/fusesource/hawtbuf/hawtbuf/1.11/hawtbuf-1.11.jar:/Users/maxgolov/.m2/repository/org/apache/derby/derby/10.14.2.0/derby-10.14.2.0.jar:/Users/maxgolov/.m2/repository/com/mulesoft/muleesb/mule-core-ee/3.9.1/mule-core-ee-3.9.1.jar:/Users/maxgolov/.m2/repository/org/mule/mule-core/3.9.1/mule-core-3.9.1.jar:/Users/maxgolov/.m2/repository/org/mule/extensions/mule-extensions-api/1.0.0-alpha-1/mule-extensions-api-1.0.0-alpha-1.jar:/Users/maxgolov/.m2/repository/commons-beanutils/commons-beanutils/1.9.3/commons-beanutils-1.9.3.jar:/Users/maxgolov/.m2/repository/com/github/stephenc/eaio-uuid/uuid/3.4.0/uuid-3.4.0.jar:/Users/maxgolov/.m2/repository/com/github/stephenc/eaio-grabbag/grabbag/1.8.1/grabbag-1.8.1.jar:/Users/maxgolov/.m2/repository/commons-cli/commons-cli/1.2/commons-cli-1.2.jar:/Users/maxgolov/.m2/repository/commons-collections/commons-collections/3.2.2/commons-collections-3.2.2.jar:/Users/maxgolov/.m2/repository/commons-io/commons-io/2.6/commons-io-2.6.jar:/Users/maxgolov/.m2/repository/commons-lang/commons-lang/2.6/commons-lang-2.6.jar:/Users/maxgolov/.m2/repository/org/apache/commons/commons-lang3/3.6/commons-lang3-3.6.jar:/Users/maxgolov/.m2/repository/commons-pool/commons-pool/1.6/commons-pool-1.6.jar:/Users/maxgolov/.m2/repository/javax/transaction/javax.transaction-api/1.2/javax.transaction-api-1.2.jar:/Users/maxgolov/.m2/repository/org/apache/geronimo/specs/geronimo-j2ee-connector_1.5_spec/2.0.0/geronimo-j2ee-connector_1.5_spec-2.0.0.jar:/Users/maxgolov/.m2/repository/javax/inject/javax.inject/1/javax.inject-1.jar:/Users/maxgolov/.m2/repository/com/lmax/disruptor/3.3.0/disruptor-3.3.0.jar:/Users/maxgolov/.m2/repository/org/apache/logging/log4j/log4j-api/2.8.2/log4j-api-2.8.2.jar:/Users/maxgolov/.m2/repository/org/apache/logging/log4j/log4j-core/2.8.2/log4j-core-2.8.2.jar:/Users/maxgolov/.m2/repository/org/apache/logging/log4j/log4j-slf4j-impl/2.8.2/log4j-slf4j-impl-2.8.2.jar:/Users/maxgolov/.m2/repository/org/apache/logging/log4j/log4j-1.2-api/2.8.2/log4j-1.2-api-2.8.2.jar:/Users/maxgolov/.m2/repository/org/apache/logging/log4j/log4j-jcl/2.8.2/log4j-jcl-2.8.2.jar:/Users/maxgolov/.m2/repository/commons-logging/commons-logging/1.2/commons-logging-1.2.jar:/Users/maxgolov/.m2/repository/org/slf4j/jcl-over-slf4j/1.7.24/jcl-over-slf4j-1.7.24.jar:/Users/maxgolov/.m2/repository/org/apache/logging/log4j/log4j-jul/2.8.2/log4j-jul-2.8.2.jar:/Users/maxgolov/.m2/repository/asm/asm/3.1/asm-3.1.jar:/Users/maxgolov/.m2/repository/asm/asm-commons/3.1/asm-commons-3.1.jar:/Users/maxgolov/.m2/repository/asm/asm-tree/3.1/asm-tree-3.1.jar:/Users/maxgolov/.m2/repository/org/mule/mvel/mule-mvel2/2.1.9-MULE-015/mule-mvel2-2.1.9-MULE-015.jar:/Users/maxgolov/.m2/repository/org/jgrapht/jgrapht-jdk1.5/0.7.3/jgrapht-jdk1.5-0.7.3.jar:/Users/maxgolov/.m2/repository/com/mulesoft/licm/licm/1.2.1/licm-1.2.1.jar:/Users/maxgolov/.m2/repository/de/schlichtherle/truelicense/1.29/truelicense-1.29.jar:/Users/maxgolov/.m2/repository/de/schlichtherle/truexml/1.29/truexml-1.29.jar:/Users/maxgolov/.m2/repository/opensymphony/propertyset/1.3/propertyset-1.3.jar:/Users/maxgolov/.m2/repository/opensymphony/oscore/2.2.4/oscore-2.2.4.jar:/Users/maxgolov/.m2/repository/org/aspectj/aspectjrt/1.8.5/aspectjrt-1.8.5.jar:/Users/maxgolov/.m2/repository/com/mulesoft/muleesb/modules/mule-module-spring-config-ee/3.9.1/mule-module-spring-config-ee-3.9.1.jar:/Users/maxgolov/.m2/repository/com/mulesoft/muleesb/modules/mule-module-multi-tx-ee/3.9.1/mule-module-multi-tx-ee-3.9.1.jar:/Users/maxgolov/.m2/repository/com/mulesoft/muleesb/modules/mule-module-xa-tx-ee/3.9.1/mule-module-xa-tx-ee-3.9.1.jar:/Users/maxgolov/.m2/repository/com/mulesoft/muleesb/modules/mule-module-cache-ee/3.9.1/mule-module-cache-ee-3.9.1.jar:/Users/maxgolov/.m2/repository/org/springframework/spring-context/4.1.9.RELEASE/spring-context-4.1.9.RELEASE.jar:/Users/maxgolov/.m2/repository/org/springframework/spring-core/4.1.9.RELEASE/spring-core-4.1.9.RELEASE.jar:/Users/maxgolov/.m2/repository/org/springframework/spring-expression/4.1.9.RELEASE/spring-expression-4.1.9.RELEASE.jar:/Users/maxgolov/.m2/repository/org/mule/transports/mule-transport-file/3.9.1/mule-transport-file-3.9.1.jar:/Users/maxgolov/.m2/repository/org/mule/transports/mule-transport-http/3.9.1/mule-transport-http-3.9.1.jar:/Users/maxgolov/.m2/repository/org/mule/transports/mule-transport-ssl/3.9.1/mule-transport-ssl-3.9.1.jar:/Users/maxgolov/.m2/repository/commons-codec/commons-codec/1.9/commons-codec-1.9.jar:/Users/maxgolov/.m2/repository/org/mule/apache/commons-httpclient/commons-httpclient/3.1-14-MULE-001/commons-httpclient-3.1-14-MULE-001.jar:/Users/maxgolov/.m2/repository/org/apache/tomcat/coyote/6.0.53/coyote-6.0.53.jar:/Users/maxgolov/.m2/repository/org/apache/tomcat/juli/6.0.53/juli-6.0.53.jar:/Users/maxgolov/.m2/repository/org/samba/jcifs/jcifs/1.3.3/jcifs-1.3.3.jar:/Users/maxgolov/.m2/repository/joda-time/joda-time/2.9.1/joda-time-2.9.1.jar:/Users/maxgolov/.m2/repository/com/mulesoft/muleesb/transports/mule-transport-jdbc-ee/3.9.1/mule-transport-jdbc-ee-3.9.1.jar:/Users/maxgolov/.m2/repository/org/mule/transports/mule-transport-jdbc/3.9.1/mule-transport-jdbc-3.9.1.jar:/Users/maxgolov/.m2/repository/net/sf/flatpack/flatpack/3.1.1/flatpack-3.1.1.jar:/Users/maxgolov/.m2/repository/org/jdom/jdom/1.1.3/jdom-1.1.3.jar:/Users/maxgolov/.m2/repository/dom4j/dom4j/1.6.1/dom4j-1.6.1.jar:/Users/maxgolov/.m2/repository/com/mulesoft/muleesb/transports/mule-transport-jms-ee/3.9.1/mule-transport-jms-ee-3.9.1.jar:/Users/maxgolov/.m2/repository/org/mule/transports/mule-transport-vm/3.9.1/mule-transport-vm-3.9.1.jar:/Users/maxgolov/.m2/repository/org/mule/modules/mule-module-scripting/3.9.1/mule-module-scripting-3.9.1.jar:/Users/maxgolov/.m2/repository/org/springframework/spring-aop/4.1.9.RELEASE/spring-aop-4.1.9.RELEASE.jar:/Users/maxgolov/.m2/repository/aopalliance/aopalliance/1.0/aopalliance-1.0.jar:/Users/maxgolov/.m2/repository/org/mule/modules/mule-module-builders/3.9.1/mule-module-builders-3.9.1.jar:/Users/maxgolov/.m2/repository/org/springframework/spring-web/4.1.9.RELEASE/spring-web-4.1.9.RELEASE.jar:/Users/maxgolov/.m2/repository/org/codehaus/groovy/groovy-all/2.4.4/groovy-all-2.4.4-indy.jar:/Users/maxgolov/.m2/repository/org/python/jython-standalone/2.7.1/jython-standalone-2.7.1.jar:/Users/maxgolov/.m2/repository/javax/script/js-engine/1.1/js-engine-1.1-jdk14.jar:/Users/maxgolov/.m2/repository/org/mozilla/rhino/1.7R4/rhino-1.7R4.jar:/Users/maxgolov/.m2/repository/org/mule/modules/mule-module-scripting-jruby/3.9.1/mule-module-scripting-jruby-3.9.1.jar:/Users/maxgolov/.m2/repository/org/jruby/jruby-core/9.1.16.0/jruby-core-9.1.16.0.jar:/Users/maxgolov/.m2/repository/org/jruby/jruby-stdlib/9.1.16.0/jruby-stdlib-9.1.16.0.jar:/Users/maxgolov/.m2/repository/com/github/jnr/jnr-netdb/1.1.6/jnr-netdb-1.1.6.jar:/Users/maxgolov/.m2/repository/com/github/jnr/jnr-enxio/0.16/jnr-enxio-0.16.jar:/Users/maxgolov/.m2/repository/com/github/jnr/jnr-x86asm/1.0.2/jnr-x86asm-1.0.2.jar:/Users/maxgolov/.m2/repository/com/github/jnr/jnr-unixsocket/0.17/jnr-unixsocket-0.17.jar:/Users/maxgolov/.m2/repository/com/github/jnr/jnr-posix/3.0.42/jnr-posix-3.0.42.jar:/Users/maxgolov/.m2/repository/com/github/jnr/jnr-constants/0.9.9/jnr-constants-0.9.9.jar:/Users/maxgolov/.m2/repository/com/github/jnr/jffi/1.2.16/jffi-1.2.16.jar:/Users/maxgolov/.m2/repository/com/github/jnr/jffi/1.2.16/jffi-1.2.16-native.jar:/Users/maxgolov/.m2/repository/org/jruby/joni/joni/2.1.11/joni-2.1.11.jar:/Users/maxgolov/.m2/repository/org/jruby/extras/bytelist/1.0.15/bytelist-1.0.15.jar:/Users/maxgolov/.m2/repository/org/jruby/jcodings/jcodings/1.0.18/jcodings-1.0.18.jar:/Users/maxgolov/.m2/repository/org/jruby/dirgra/0.3/dirgra-0.3.jar:/Users/maxgolov/.m2/repository/com/headius/invokebinder/1.10/invokebinder-1.10.jar:/Users/maxgolov/.m2/repository/com/headius/options/1.4/options-1.4.jar:/Users/maxgolov/.m2/repository/com/headius/unsafe-fences/1.0/unsafe-fences-1.0.jar:/Users/maxgolov/.m2/repository/com/headius/modulator/1.0/modulator-1.0.jar:/Users/maxgolov/.m2/repository/com/jcraft/jzlib/1.1.3/jzlib-1.1.3.jar:/Users/maxgolov/.m2/repository/com/martiansoftware/nailgun-server/0.9.1/nailgun-server-0.9.1.jar:/Users/maxgolov/.m2/repository/org/mule/modules/mule-module-xml/3.9.1/mule-module-xml-3.9.1.jar:/Users/maxgolov/.m2/repository/commons-jxpath/commons-jxpath/1.3/commons-jxpath-1.3.jar:/Users/maxgolov/.m2/repository/com/thoughtworks/xstream/xstream/1.4.10/xstream-1.4.10.jar:/Users/maxgolov/.m2/repository/xmlpull/xmlpull/1.1.3.1/xmlpull-1.1.3.1.jar:/Users/maxgolov/.m2/repository/xpp3/xpp3_min/1.1.3.4.O/xpp3_min-1.1.3.4.O.jar:/Users/maxgolov/.m2/repository/org/codehaus/woodstox/woodstox-core-asl/4.4.1/woodstox-core-asl-4.4.1.jar:/Users/maxgolov/.m2/repository/jaxen/jaxen/1.1.1/jaxen-1.1.1.jar:/Users/maxgolov/.m2/repository/jdom/jdom/1.0/jdom-1.0.jar:/Users/maxgolov/.m2/repository/net/java/dev/stax-utils/stax-utils/20080702/stax-utils-20080702.jar:/Users/maxgolov/.m2/repository/net/sf/saxon/Saxon-HE/9.6.0-10/Saxon-HE-9.6.0-10.jar:/Users/maxgolov/.m2/repository/net/sf/saxon/Saxon-HE/9.6.0-10/Saxon-HE-9.6.0-10-xqj.jar:/Users/maxgolov/.m2/repository/javax/xml/xquery/xqj-api/1.0/xqj-api-1.0.jar:/Users/maxgolov/.m2/repository/org/mule/tests/mule-tests-functional/3.9.1/mule-tests-functional-3.9.1.jar:/Users/maxgolov/.m2/repository/org/mule/modules/mule-module-extensions-support/3.9.1/mule-module-extensions-support-3.9.1.jar:/Users/maxgolov/.m2/repository/org/mule/extensions/mule-extensions-annotations/1.0.0-alpha-1/mule-extensions-annotations-1.0.0-alpha-1.jar:/Users/maxgolov/.m2/repository/org/springframework/spring-beans/4.1.9.RELEASE/spring-beans-4.1.9.RELEASE.jar:/Users/maxgolov/.m2/repository/junit/junit/4.12/junit-4.12.jar:/Users/maxgolov/.m2/repository/org/hamcrest/hamcrest-library/1.3/hamcrest-library-1.3.jar:/Users/maxgolov/.m2/repository/org/hamcrest/hamcrest-core/1.3/hamcrest-core-1.3.jar:/Users/maxgolov/.m2/repository/org/apache/ftpserver/ftpserver-core/1.0.6/ftpserver-core-1.0.6.jar:/Users/maxgolov/.m2/repository/org/apache/mina/mina-core/2.0.4/mina-core-2.0.4.jar:/Users/maxgolov/.m2/repository/org/apache/ftpserver/ftplet-api/1.0.6/ftplet-api-1.0.6.jar:/Users/maxgolov/.m2/repository/org/apache/sshd/sshd-core/1.4.0/sshd-core-1.4.0.jar:/Users/maxgolov/.m2/repository/org/bouncycastle/bcprov-jdk15on/1.59/bcprov-jdk15on-1.59.jar:/Users/maxgolov/.m2/repository/commons-dbutils/commons-dbutils/1.2/commons-dbutils-1.2.jar:/Users/maxgolov/.m2/repository/org/reflections/reflections/0.9.9/reflections-0.9.9.jar:/Users/maxgolov/.m2/repository/org/mule/mule-core/3.9.1/mule-core-3.9.1-tests.jar:/Users/maxgolov/.m2/repository/org/mockito/mockito-core/1.10.19/mockito-core-1.10.19.jar:/Users/maxgolov/.m2/repository/org/objenesis/objenesis/2.1/objenesis-2.1.jar:/Users/maxgolov/.m2/repository/org/mule/modules/mule-module-http/3.9.1/mule-module-http-3.9.1.jar:/Users/maxgolov/.m2/repository/org/mule/transports/mule-transport-tcp/3.9.1/mule-transport-tcp-3.9.1.jar:/Users/maxgolov/.m2/repository/org/apache/geronimo/specs/geronimo-servlet_3.0_spec/1.0/geronimo-servlet_3.0_spec-1.0.jar:/Users/maxgolov/.m2/repository/org/glassfish/grizzly/grizzly-framework/2.3.35/grizzly-framework-2.3.35.jar:/Users/maxgolov/.m2/repository/org/glassfish/grizzly/grizzly-http-server/2.3.35/grizzly-http-server-2.3.35.jar:/Users/maxgolov/.m2/repository/org/glassfish/grizzly/grizzly-http/2.3.35/grizzly-http-2.3.35.jar:/Users/maxgolov/.m2/repository/org/glassfish/grizzly/connection-pool/2.3.35/connection-pool-2.3.35.jar:/Users/maxgolov/.m2/repository/javax/mail/mail/1.4.3/mail-1.4.3.jar:/Users/maxgolov/.m2/repository/org/glassfish/grizzly/grizzly-http-client/1.14/grizzly-http-client-1.14.jar:/Users/maxgolov/.m2/repository/org/glassfish/grizzly/grizzly-websockets/2.3.35/grizzly-websockets-2.3.35.jar:/Users/maxgolov/.m2/repository/org/mule/modules/mule-module-spring-config/3.9.1/mule-module-spring-config-3.9.1.jar:/Users/maxgolov/.m2/repository/org/mule/modules/mule-module-annotations/3.9.1/mule-module-annotations-3.9.1.jar:/Users/maxgolov/.m2/repository/cglib/cglib-nodep/2.2/cglib-nodep-2.2.jar:/Users/maxgolov/.m2/repository/cglib/cglib/3.2.2/cglib-3.2.2.jar:/Users/maxgolov/.m2/repository/org/ow2/asm/asm/5.0.4/asm-5.0.4.jar:/Users/maxgolov/.m2/repository/org/apache/ant/ant/1.9.6/ant-1.9.6.jar:/Users/maxgolov/.m2/repository/org/apache/ant/ant-launcher/1.9.6/ant-launcher-1.9.6.jar:/Users/maxgolov/.m2/repository/org/mule/modules/mule-module-db/3.9.1/mule-module-db-3.9.1.jar:/Users/maxgolov/.m2/repository/com/mchange/c3p0/0.9.5.2/c3p0-0.9.5.2.jar:/Users/maxgolov/.m2/repository/com/mchange/mchange-commons-java/0.2.11/mchange-commons-java-0.2.11.jar:/Users/maxgolov/.m2/repository/com/experlog/xapool/1.5.0/xapool-1.5.0.jar:/Users/maxgolov/.m2/repository/org/mule/common/mule-common/3.9.1/mule-common-3.9.1.jar:/Users/maxgolov/.m2/repository/org/mulesoft/xmlbeans/xmlbeans/2.6.3/xmlbeans-2.6.3.jar:/Users/maxgolov/.m2/repository/javax/xml/stream/stax-api/1.0-2/stax-api-1.0-2.jar:/Users/maxgolov/.m2/repository/org/json/json/20140107/json-20140107.jar:/Users/maxgolov/.m2/repository/org/antlr/antlr-runtime/3.5.2/antlr-runtime-3.5.2.jar:/Users/maxgolov/.m2/repository/org/mule/transports/mule-transport-jms/3.9.1/mule-transport-jms-3.9.1.jar:/Users/maxgolov/.m2/repository/org/mule/springframework/spring-jms/4.1.9.RELEASE-MULE-001/spring-jms-4.1.9.RELEASE-MULE-001.jar:/Users/maxgolov/.m2/repository/org/springframework/spring-messaging/4.1.9.RELEASE/spring-messaging-4.1.9.RELEASE.jar:/Users/maxgolov/.m2/repository/org/springframework/spring-tx/4.1.9.RELEASE/spring-tx-4.1.9.RELEASE.jar:/Users/maxgolov/.m2/repository/org/mule/modules/mule-module-json/3.9.1/mule-module-json-3.9.1.jar:/Users/maxgolov/.m2/repository/org/mule/modules/mule-module-validation/3.9.1/mule-module-validation-3.9.1.jar:/Users/maxgolov/.m2/repository/commons-validator/commons-validator/1.6/commons-validator-1.6.jar:/Users/maxgolov/.m2/repository/commons-digester/commons-digester/1.8.1/commons-digester-1.8.1.jar:/Users/maxgolov/.m2/repository/org/mule/modules/mule-module-extensions-spring-support/3.9.1/mule-module-extensions-spring-support-3.9.1.jar:/Users/maxgolov/.m2/repository/org/codehaus/jackson/jackson-core-asl/1.9.14-MULE-002/jackson-core-asl-1.9.14-MULE-002.jar:/Users/maxgolov/.m2/repository/org/codehaus/jackson/jackson-mapper-asl/1.9.14-MULE-002/jackson-mapper-asl-1.9.14-MULE-002.jar:/Users/maxgolov/.m2/repository/org/codehaus/jackson/jackson-xc/1.9.14-MULE-002/jackson-xc-1.9.14-MULE-002.jar:/Users/maxgolov/.m2/repository/de/odysseus/staxon/staxon/1.2/staxon-1.2.jar:/Users/maxgolov/.m2/repository/org/codehaus/woodstox/stax2-api/3.1.4/stax2-api-3.1.4.jar:/Users/maxgolov/.m2/repository/com/github/java-json-tools/json-schema-validator/2.2.8/json-schema-validator-2.2.8.jar:/Users/maxgolov/.m2/repository/com/github/java-json-tools/json-schema-core/1.2.8/json-schema-core-1.2.8.jar:/Users/maxgolov/.m2/repository/com/github/fge/jackson-coreutils/1.8/jackson-coreutils-1.8.jar:/Users/maxgolov/.m2/repository/com/github/fge/msg-simple/1.1/msg-simple-1.1.jar:/Users/maxgolov/.m2/repository/com/github/fge/btf/1.2/btf-1.2.jar:/Users/maxgolov/.m2/repository/com/github/fge/uri-template/0.9/uri-template-0.9.jar:/Users/maxgolov/.m2/repository/javax/mail/mailapi/1.4.3/mailapi-1.4.3.jar:/Users/maxgolov/.m2/repository/com/googlecode/libphonenumber/libphonenumber/8.0.0/libphonenumber-8.0.0.jar:/Users/maxgolov/.m2/repository/net/sf/jopt-simple/jopt-simple/5.0.3/jopt-simple-5.0.3.jar:"/>
    <property name="java.vm.vendor" value="Oracle Corporation"/>
    <property name="sun.arch.data.model" value="64"/>
    <property name="java.vendor.url" value="http://java.oracle.com/"/>
    <property name="user.timezone" value=""/>
    <property name="user.country.format" value="NL"/>
    <property name="java.vm.specification.version" value="1.8"/>
    <property name="os.name" value="Mac OS X"/>
    <property name="user.country" value="US"/>
    <property name="sun.java.launcher" value="SUN_STANDARD"/>
    <property name="sun.boot.library.path" value="/Library/Java/JavaVirtualMachines/jdk1.8.0_191.jdk/Contents/Home/jre/lib"/>
    <property name="sun.java.command" value="/Users/maxgolov/advanced/studio/maven-project/target/surefire/surefirebooter7073307657431886927.jar /Users/maxgolov/advanced/studio/maven-project/target/surefire 2018-11-27T10-48-45_542-jvmRun1 surefire222145093928505898tmp surefire_06088410058306882920tmp"/>
    <property name="http.nonProxyHosts" value="local|*.local|169.254/16|*.169.254/16"/>
    <property name="surefire.test.class.path" value="/Users/maxgolov/advanced/studio/maven-project/target/test-classes:/Users/maxgolov/advanced/studio/maven-project/target/classes:/Users/maxgolov/.m2/repository/org/apache/activemq/activemq-kahadb-store/5.15.8/activemq-kahadb-store-5.15.8.jar:/Users/maxgolov/.m2/repository/org/apache/activemq/protobuf/activemq-protobuf/1.1/activemq-protobuf-1.1.jar:/Users/maxgolov/.m2/repository/org/apache/geronimo/specs/geronimo-j2ee-management_1.1_spec/1.0.1/geronimo-j2ee-management_1.1_spec-1.0.1.jar:/Users/maxgolov/.m2/repository/commons-net/commons-net/3.6/commons-net-3.6.jar:/Users/maxgolov/.m2/repository/org/apache/activemq/activemq-broker/5.15.8/activemq-broker-5.15.8.jar:/Users/maxgolov/.m2/repository/org/apache/activemq/activemq-openwire-legacy/5.15.8/activemq-openwire-legacy-5.15.8.jar:/Users/maxgolov/.m2/repository/com/google/guava/guava/18.0/guava-18.0.jar:/Users/maxgolov/.m2/repository/com/fasterxml/jackson/core/jackson-databind/2.9.6/jackson-databind-2.9.6.jar:/Users/maxgolov/.m2/repository/com/fasterxml/jackson/core/jackson-annotations/2.9.0/jackson-annotations-2.9.0.jar:/Users/maxgolov/.m2/repository/com/fasterxml/jackson/core/jackson-core/2.9.6/jackson-core-2.9.6.jar:/Users/maxgolov/.m2/repository/org/apache/activemq/activemq-client/5.15.8/activemq-client-5.15.8.jar:/Users/maxgolov/.m2/repository/org/slf4j/slf4j-api/1.7.25/slf4j-api-1.7.25.jar:/Users/maxgolov/.m2/repository/org/apache/geronimo/specs/geronimo-jms_1.1_spec/1.1.1/geronimo-jms_1.1_spec-1.1.1.jar:/Users/maxgolov/.m2/repository/org/fusesource/hawtbuf/hawtbuf/1.11/hawtbuf-1.11.jar:/Users/maxgolov/.m2/repository/org/apache/derby/derby/10.14.2.0/derby-10.14.2.0.jar:/Users/maxgolov/.m2/repository/com/mulesoft/muleesb/mule-core-ee/3.9.1/mule-core-ee-3.9.1.jar:/Users/maxgolov/.m2/repository/org/mule/mule-core/3.9.1/mule-core-3.9.1.jar:/Users/maxgolov/.m2/repository/org/mule/extensions/mule-extensions-api/1.0.0-alpha-1/mule-extensions-api-1.0.0-alpha-1.jar:/Users/maxgolov/.m2/repository/commons-beanutils/commons-beanutils/1.9.3/commons-beanutils-1.9.3.jar:/Users/maxgolov/.m2/repository/com/github/stephenc/eaio-uuid/uuid/3.4.0/uuid-3.4.0.jar:/Users/maxgolov/.m2/repository/com/github/stephenc/eaio-grabbag/grabbag/1.8.1/grabbag-1.8.1.jar:/Users/maxgolov/.m2/repository/commons-cli/commons-cli/1.2/commons-cli-1.2.jar:/Users/maxgolov/.m2/repository/commons-collections/commons-collections/3.2.2/commons-collections-3.2.2.jar:/Users/maxgolov/.m2/repository/commons-io/commons-io/2.6/commons-io-2.6.jar:/Users/maxgolov/.m2/repository/commons-lang/commons-lang/2.6/commons-lang-2.6.jar:/Users/maxgolov/.m2/repository/org/apache/commons/commons-lang3/3.6/commons-lang3-3.6.jar:/Users/maxgolov/.m2/repository/commons-pool/commons-pool/1.6/commons-pool-1.6.jar:/Users/maxgolov/.m2/repository/javax/transaction/javax.transaction-api/1.2/javax.transaction-api-1.2.jar:/Users/maxgolov/.m2/repository/org/apache/geronimo/specs/geronimo-j2ee-connector_1.5_spec/2.0.0/geronimo-j2ee-connector_1.5_spec-2.0.0.jar:/Users/maxgolov/.m2/repository/javax/inject/javax.inject/1/javax.inject-1.jar:/Users/maxgolov/.m2/repository/com/lmax/disruptor/3.3.0/disruptor-3.3.0.jar:/Users/maxgolov/.m2/repository/org/apache/logging/log4j/log4j-api/2.8.2/log4j-api-2.8.2.jar:/Users/maxgolov/.m2/repository/org/apache/logging/log4j/log4j-core/2.8.2/log4j-core-2.8.2.jar:/Users/maxgolov/.m2/repository/org/apache/logging/log4j/log4j-slf4j-impl/2.8.2/log4j-slf4j-impl-2.8.2.jar:/Users/maxgolov/.m2/repository/org/apache/logging/log4j/log4j-1.2-api/2.8.2/log4j-1.2-api-2.8.2.jar:/Users/maxgolov/.m2/repository/org/apache/logging/log4j/log4j-jcl/2.8.2/log4j-jcl-2.8.2.jar:/Users/maxgolov/.m2/repository/commons-logging/commons-logging/1.2/commons-logging-1.2.jar:/Users/maxgolov/.m2/repository/org/slf4j/jcl-over-slf4j/1.7.24/jcl-over-slf4j-1.7.24.jar:/Users/maxgolov/.m2/repository/org/apache/logging/log4j/log4j-jul/2.8.2/log4j-jul-2.8.2.jar:/Users/maxgolov/.m2/repository/asm/asm/3.1/asm-3.1.jar:/Users/maxgolov/.m2/repository/asm/asm-commons/3.1/asm-commons-3.1.jar:/Users/maxgolov/.m2/repository/asm/asm-tree/3.1/asm-tree-3.1.jar:/Users/maxgolov/.m2/repository/org/mule/mvel/mule-mvel2/2.1.9-MULE-015/mule-mvel2-2.1.9-MULE-015.jar:/Users/maxgolov/.m2/repository/org/jgrapht/jgrapht-jdk1.5/0.7.3/jgrapht-jdk1.5-0.7.3.jar:/Users/maxgolov/.m2/repository/com/mulesoft/licm/licm/1.2.1/licm-1.2.1.jar:/Users/maxgolov/.m2/repository/de/schlichtherle/truelicense/1.29/truelicense-1.29.jar:/Users/maxgolov/.m2/repository/de/schlichtherle/truexml/1.29/truexml-1.29.jar:/Users/maxgolov/.m2/repository/opensymphony/propertyset/1.3/propertyset-1.3.jar:/Users/maxgolov/.m2/repository/opensymphony/oscore/2.2.4/oscore-2.2.4.jar:/Users/maxgolov/.m2/repository/org/aspectj/aspectjrt/1.8.5/aspectjrt-1.8.5.jar:/Users/maxgolov/.m2/repository/com/mulesoft/muleesb/modules/mule-module-spring-config-ee/3.9.1/mule-module-spring-config-ee-3.9.1.jar:/Users/maxgolov/.m2/repository/com/mulesoft/muleesb/modules/mule-module-multi-tx-ee/3.9.1/mule-module-multi-tx-ee-3.9.1.jar:/Users/maxgolov/.m2/repository/com/mulesoft/muleesb/modules/mule-module-xa-tx-ee/3.9.1/mule-module-xa-tx-ee-3.9.1.jar:/Users/maxgolov/.m2/repository/com/mulesoft/muleesb/modules/mule-module-cache-ee/3.9.1/mule-module-cache-ee-3.9.1.jar:/Users/maxgolov/.m2/repository/org/springframework/spring-context/4.1.9.RELEASE/spring-context-4.1.9.RELEASE.jar:/Users/maxgolov/.m2/repository/org/springframework/spring-core/4.1.9.RELEASE/spring-core-4.1.9.RELEASE.jar:/Users/maxgolov/.m2/repository/org/springframework/spring-expression/4.1.9.RELEASE/spring-expression-4.1.9.RELEASE.jar:/Users/maxgolov/.m2/repository/org/mule/transports/mule-transport-file/3.9.1/mule-transport-file-3.9.1.jar:/Users/maxgolov/.m2/repository/org/mule/transports/mule-transport-http/3.9.1/mule-transport-http-3.9.1.jar:/Users/maxgolov/.m2/repository/org/mule/transports/mule-transport-ssl/3.9.1/mule-transport-ssl-3.9.1.jar:/Users/maxgolov/.m2/repository/commons-codec/commons-codec/1.9/commons-codec-1.9.jar:/Users/maxgolov/.m2/repository/org/mule/apache/commons-httpclient/commons-httpclient/3.1-14-MULE-001/commons-httpclient-3.1-14-MULE-001.jar:/Users/maxgolov/.m2/repository/org/apache/tomcat/coyote/6.0.53/coyote-6.0.53.jar:/Users/maxgolov/.m2/repository/org/apache/tomcat/juli/6.0.53/juli-6.0.53.jar:/Users/maxgolov/.m2/repository/org/samba/jcifs/jcifs/1.3.3/jcifs-1.3.3.jar:/Users/maxgolov/.m2/repository/joda-time/joda-time/2.9.1/joda-time-2.9.1.jar:/Users/maxgolov/.m2/repository/com/mulesoft/muleesb/transports/mule-transport-jdbc-ee/3.9.1/mule-transport-jdbc-ee-3.9.1.jar:/Users/maxgolov/.m2/repository/org/mule/transports/mule-transport-jdbc/3.9.1/mule-transport-jdbc-3.9.1.jar:/Users/maxgolov/.m2/repository/net/sf/flatpack/flatpack/3.1.1/flatpack-3.1.1.jar:/Users/maxgolov/.m2/repository/org/jdom/jdom/1.1.3/jdom-1.1.3.jar:/Users/maxgolov/.m2/repository/dom4j/dom4j/1.6.1/dom4j-1.6.1.jar:/Users/maxgolov/.m2/repository/com/mulesoft/muleesb/transports/mule-transport-jms-ee/3.9.1/mule-transport-jms-ee-3.9.1.jar:/Users/maxgolov/.m2/repository/org/mule/transports/mule-transport-vm/3.9.1/mule-transport-vm-3.9.1.jar:/Users/maxgolov/.m2/repository/org/mule/modules/mule-module-scripting/3.9.1/mule-module-scripting-3.9.1.jar:/Users/maxgolov/.m2/repository/org/springframework/spring-aop/4.1.9.RELEASE/spring-aop-4.1.9.RELEASE.jar:/Users/maxgolov/.m2/repository/aopalliance/aopalliance/1.0/aopalliance-1.0.jar:/Users/maxgolov/.m2/repository/org/mule/modules/mule-module-builders/3.9.1/mule-module-builders-3.9.1.jar:/Users/maxgolov/.m2/repository/org/springframework/spring-web/4.1.9.RELEASE/spring-web-4.1.9.RELEASE.jar:/Users/maxgolov/.m2/repository/org/codehaus/groovy/groovy-all/2.4.4/groovy-all-2.4.4-indy.jar:/Users/maxgolov/.m2/repository/org/python/jython-standalone/2.7.1/jython-standalone-2.7.1.jar:/Users/maxgolov/.m2/repository/javax/script/js-engine/1.1/js-engine-1.1-jdk14.jar:/Users/maxgolov/.m2/repository/org/mozilla/rhino/1.7R4/rhino-1.7R4.jar:/Users/maxgolov/.m2/repository/org/mule/modules/mule-module-scripting-jruby/3.9.1/mule-module-scripting-jruby-3.9.1.jar:/Users/maxgolov/.m2/repository/org/jruby/jruby-core/9.1.16.0/jruby-core-9.1.16.0.jar:/Users/maxgolov/.m2/repository/org/jruby/jruby-stdlib/9.1.16.0/jruby-stdlib-9.1.16.0.jar:/Users/maxgolov/.m2/repository/com/github/jnr/jnr-netdb/1.1.6/jnr-netdb-1.1.6.jar:/Users/maxgolov/.m2/repository/com/github/jnr/jnr-enxio/0.16/jnr-enxio-0.16.jar:/Users/maxgolov/.m2/repository/com/github/jnr/jnr-x86asm/1.0.2/jnr-x86asm-1.0.2.jar:/Users/maxgolov/.m2/repository/com/github/jnr/jnr-unixsocket/0.17/jnr-unixsocket-0.17.jar:/Users/maxgolov/.m2/repository/com/github/jnr/jnr-posix/3.0.42/jnr-posix-3.0.42.jar:/Users/maxgolov/.m2/repository/com/github/jnr/jnr-constants/0.9.9/jnr-constants-0.9.9.jar:/Users/maxgolov/.m2/repository/com/github/jnr/jffi/1.2.16/jffi-1.2.16.jar:/Users/maxgolov/.m2/repository/com/github/jnr/jffi/1.2.16/jffi-1.2.16-native.jar:/Users/maxgolov/.m2/repository/org/jruby/joni/joni/2.1.11/joni-2.1.11.jar:/Users/maxgolov/.m2/repository/org/jruby/extras/bytelist/1.0.15/bytelist-1.0.15.jar:/Users/maxgolov/.m2/repository/org/jruby/jcodings/jcodings/1.0.18/jcodings-1.0.18.jar:/Users/maxgolov/.m2/repository/org/jruby/dirgra/0.3/dirgra-0.3.jar:/Users/maxgolov/.m2/repository/com/headius/invokebinder/1.10/invokebinder-1.10.jar:/Users/maxgolov/.m2/repository/com/headius/options/1.4/options-1.4.jar:/Users/maxgolov/.m2/repository/com/headius/unsafe-fences/1.0/unsafe-fences-1.0.jar:/Users/maxgolov/.m2/repository/com/headius/modulator/1.0/modulator-1.0.jar:/Users/maxgolov/.m2/repository/com/jcraft/jzlib/1.1.3/jzlib-1.1.3.jar:/Users/maxgolov/.m2/repository/com/martiansoftware/nailgun-server/0.9.1/nailgun-server-0.9.1.jar:/Users/maxgolov/.m2/repository/org/mule/modules/mule-module-xml/3.9.1/mule-module-xml-3.9.1.jar:/Users/maxgolov/.m2/repository/commons-jxpath/commons-jxpath/1.3/commons-jxpath-1.3.jar:/Users/maxgolov/.m2/repository/com/thoughtworks/xstream/xstream/1.4.10/xstream-1.4.10.jar:/Users/maxgolov/.m2/repository/xmlpull/xmlpull/1.1.3.1/xmlpull-1.1.3.1.jar:/Users/maxgolov/.m2/repository/xpp3/xpp3_min/1.1.3.4.O/xpp3_min-1.1.3.4.O.jar:/Users/maxgolov/.m2/repository/org/codehaus/woodstox/woodstox-core-asl/4.4.1/woodstox-core-asl-4.4.1.jar:/Users/maxgolov/.m2/repository/jaxen/jaxen/1.1.1/jaxen-1.1.1.jar:/Users/maxgolov/.m2/repository/jdom/jdom/1.0/jdom-1.0.jar:/Users/maxgolov/.m2/repository/net/java/dev/stax-utils/stax-utils/20080702/stax-utils-20080702.jar:/Users/maxgolov/.m2/repository/net/sf/saxon/Saxon-HE/9.6.0-10/Saxon-HE-9.6.0-10.jar:/Users/maxgolov/.m2/repository/net/sf/saxon/Saxon-HE/9.6.0-10/Saxon-HE-9.6.0-10-xqj.jar:/Users/maxgolov/.m2/repository/javax/xml/xquery/xqj-api/1.0/xqj-api-1.0.jar:/Users/maxgolov/.m2/repository/org/mule/tests/mule-tests-functional/3.9.1/mule-tests-functional-3.9.1.jar:/Users/maxgolov/.m2/repository/org/mule/modules/mule-module-extensions-support/3.9.1/mule-module-extensions-support-3.9.1.jar:/Users/maxgolov/.m2/repository/org/mule/extensions/mule-extensions-annotations/1.0.0-alpha-1/mule-extensions-annotations-1.0.0-alpha-1.jar:/Users/maxgolov/.m2/repository/org/springframework/spring-beans/4.1.9.RELEASE/spring-beans-4.1.9.RELEASE.jar:/Users/maxgolov/.m2/repository/junit/junit/4.12/junit-4.12.jar:/Users/maxgolov/.m2/repository/org/hamcrest/hamcrest-library/1.3/hamcrest-library-1.3.jar:/Users/maxgolov/.m2/repository/org/hamcrest/hamcrest-core/1.3/hamcrest-core-1.3.jar:/Users/maxgolov/.m2/repository/org/apache/ftpserver/ftpserver-core/1.0.6/ftpserver-core-1.0.6.jar:/Users/maxgolov/.m2/repository/org/apache/mina/mina-core/2.0.4/mina-core-2.0.4.jar:/Users/maxgolov/.m2/repository/org/apache/ftpserver/ftplet-api/1.0.6/ftplet-api-1.0.6.jar:/Users/maxgolov/.m2/repository/org/apache/sshd/sshd-core/1.4.0/sshd-core-1.4.0.jar:/Users/maxgolov/.m2/repository/org/bouncycastle/bcprov-jdk15on/1.59/bcprov-jdk15on-1.59.jar:/Users/maxgolov/.m2/repository/commons-dbutils/commons-dbutils/1.2/commons-dbutils-1.2.jar:/Users/maxgolov/.m2/repository/org/reflections/reflections/0.9.9/reflections-0.9.9.jar:/Users/maxgolov/.m2/repository/org/mule/mule-core/3.9.1/mule-core-3.9.1-tests.jar:/Users/maxgolov/.m2/repository/org/mockito/mockito-core/1.10.19/mockito-core-1.10.19.jar:/Users/maxgolov/.m2/repository/org/objenesis/objenesis/2.1/objenesis-2.1.jar:/Users/maxgolov/.m2/repository/org/mule/modules/mule-module-http/3.9.1/mule-module-http-3.9.1.jar:/Users/maxgolov/.m2/repository/org/mule/transports/mule-transport-tcp/3.9.1/mule-transport-tcp-3.9.1.jar:/Users/maxgolov/.m2/repository/org/apache/geronimo/specs/geronimo-servlet_3.0_spec/1.0/geronimo-servlet_3.0_spec-1.0.jar:/Users/maxgolov/.m2/repository/org/glassfish/grizzly/grizzly-framework/2.3.35/grizzly-framework-2.3.35.jar:/Users/maxgolov/.m2/repository/org/glassfish/grizzly/grizzly-http-server/2.3.35/grizzly-http-server-2.3.35.jar:/Users/maxgolov/.m2/repository/org/glassfish/grizzly/grizzly-http/2.3.35/grizzly-http-2.3.35.jar:/Users/maxgolov/.m2/repository/org/glassfish/grizzly/connection-pool/2.3.35/connection-pool-2.3.35.jar:/Users/maxgolov/.m2/repository/javax/mail/mail/1.4.3/mail-1.4.3.jar:/Users/maxgolov/.m2/repository/org/glassfish/grizzly/grizzly-http-client/1.14/grizzly-http-client-1.14.jar:/Users/maxgolov/.m2/repository/org/glassfish/grizzly/grizzly-websockets/2.3.35/grizzly-websockets-2.3.35.jar:/Users/maxgolov/.m2/repository/org/mule/modules/mule-module-spring-config/3.9.1/mule-module-spring-config-3.9.1.jar:/Users/maxgolov/.m2/repository/org/mule/modules/mule-module-annotations/3.9.1/mule-module-annotations-3.9.1.jar:/Users/maxgolov/.m2/repository/cglib/cglib-nodep/2.2/cglib-nodep-2.2.jar:/Users/maxgolov/.m2/repository/cglib/cglib/3.2.2/cglib-3.2.2.jar:/Users/maxgolov/.m2/repository/org/ow2/asm/asm/5.0.4/asm-5.0.4.jar:/Users/maxgolov/.m2/repository/org/apache/ant/ant/1.9.6/ant-1.9.6.jar:/Users/maxgolov/.m2/repository/org/apache/ant/ant-launcher/1.9.6/ant-launcher-1.9.6.jar:/Users/maxgolov/.m2/repository/org/mule/modules/mule-module-db/3.9.1/mule-module-db-3.9.1.jar:/Users/maxgolov/.m2/repository/com/mchange/c3p0/0.9.5.2/c3p0-0.9.5.2.jar:/Users/maxgolov/.m2/repository/com/mchange/mchange-commons-java/0.2.11/mchange-commons-java-0.2.11.jar:/Users/maxgolov/.m2/repository/com/experlog/xapool/1.5.0/xapool-1.5.0.jar:/Users/maxgolov/.m2/repository/org/mule/common/mule-common/3.9.1/mule-common-3.9.1.jar:/Users/maxgolov/.m2/repository/org/mulesoft/xmlbeans/xmlbeans/2.6.3/xmlbeans-2.6.3.jar:/Users/maxgolov/.m2/repository/javax/xml/stream/stax-api/1.0-2/stax-api-1.0-2.jar:/Users/maxgolov/.m2/repository/org/json/json/20140107/json-20140107.jar:/Users/maxgolov/.m2/repository/org/antlr/antlr-runtime/3.5.2/antlr-runtime-3.5.2.jar:/Users/maxgolov/.m2/repository/org/mule/transports/mule-transport-jms/3.9.1/mule-transport-jms-3.9.1.jar:/Users/maxgolov/.m2/repository/org/mule/springframework/spring-jms/4.1.9.RELEASE-MULE-001/spring-jms-4.1.9.RELEASE-MULE-001.jar:/Users/maxgolov/.m2/repository/org/springframework/spring-messaging/4.1.9.RELEASE/spring-messaging-4.1.9.RELEASE.jar:/Users/maxgolov/.m2/repository/org/springframework/spring-tx/4.1.9.RELEASE/spring-tx-4.1.9.RELEASE.jar:/Users/maxgolov/.m2/repository/org/mule/modules/mule-module-json/3.9.1/mule-module-json-3.9.1.jar:/Users/maxgolov/.m2/repository/org/mule/modules/mule-module-validation/3.9.1/mule-module-validation-3.9.1.jar:/Users/maxgolov/.m2/repository/commons-validator/commons-validator/1.6/commons-validator-1.6.jar:/Users/maxgolov/.m2/repository/commons-digester/commons-digester/1.8.1/commons-digester-1.8.1.jar:/Users/maxgolov/.m2/repository/org/mule/modules/mule-module-extensions-spring-support/3.9.1/mule-module-extensions-spring-support-3.9.1.jar:/Users/maxgolov/.m2/repository/org/codehaus/jackson/jackson-core-asl/1.9.14-MULE-002/jackson-core-asl-1.9.14-MULE-002.jar:/Users/maxgolov/.m2/repository/org/codehaus/jackson/jackson-mapper-asl/1.9.14-MULE-002/jackson-mapper-asl-1.9.14-MULE-002.jar:/Users/maxgolov/.m2/repository/org/codehaus/jackson/jackson-xc/1.9.14-MULE-002/jackson-xc-1.9.14-MULE-002.jar:/Users/maxgolov/.m2/repository/de/odysseus/staxon/staxon/1.2/staxon-1.2.jar:/Users/maxgolov/.m2/repository/org/codehaus/woodstox/stax2-api/3.1.4/stax2-api-3.1.4.jar:/Users/maxgolov/.m2/repository/com/github/java-json-tools/json-schema-validator/2.2.8/json-schema-validator-2.2.8.jar:/Users/maxgolov/.m2/repository/com/github/java-json-tools/json-schema-core/1.2.8/json-schema-core-1.2.8.jar:/Users/maxgolov/.m2/repository/com/github/fge/jackson-coreutils/1.8/jackson-coreutils-1.8.jar:/Users/maxgolov/.m2/repository/com/github/fge/msg-simple/1.1/msg-simple-1.1.jar:/Users/maxgolov/.m2/repository/com/github/fge/btf/1.2/btf-1.2.jar:/Users/maxgolov/.m2/repository/com/github/fge/uri-template/0.9/uri-template-0.9.jar:/Users/maxgolov/.m2/repository/javax/mail/mailapi/1.4.3/mailapi-1.4.3.jar:/Users/maxgolov/.m2/repository/com/googlecode/libphonenumber/libphonenumber/8.0.0/libphonenumber-8.0.0.jar:/Users/maxgolov/.m2/repository/net/sf/jopt-simple/jopt-simple/5.0.3/jopt-simple-5.0.3.jar:"/>
    <property name="sun.cpu.endian" value="little"/>
    <property name="user.home" value="/Users/maxgolov"/>
    <property name="user.language" value="en"/>
    <property name="java.specification.vendor" value="Oracle Corporation"/>
    <property name="java.home" value="/Library/Java/JavaVirtualMachines/jdk1.8.0_191.jdk/Contents/Home/jre"/>
    <property name="basedir" value="/Users/maxgolov/advanced/studio/maven-project"/>
    <property name="file.separator" value="/"/>
    <property name="line.separator" value="&#10;"/>
    <property name="java.vm.specification.vendor" value="Oracle Corporation"/>
    <property name="java.specification.name" value="Java Platform API Specification"/>
    <property name="java.awt.graphicsenv" value="sun.awt.CGraphicsEnvironment"/>
    <property name="pwd" value="Maxgolov2018"/>
    <property name="surefire.real.class.path" value="/Users/maxgolov/advanced/studio/maven-project/target/surefire/surefirebooter7073307657431886927.jar"/>
    <property name="sun.boot.class.path" value="/Library/Java/JavaVirtualMachines/jdk1.8.0_191.jdk/Contents/Home/jre/lib/resources.jar:/Library/Java/JavaVirtualMachines/jdk1.8.0_191.jdk/Contents/Home/jre/lib/rt.jar:/Library/Java/JavaVirtualMachines/jdk1.8.0_191.jdk/Contents/Home/jre/lib/sunrsasign.jar:/Library/Java/JavaVirtualMachines/jdk1.8.0_191.jdk/Contents/Home/jre/lib/jsse.jar:/Library/Java/JavaVirtualMachines/jdk1.8.0_191.jdk/Contents/Home/jre/lib/jce.jar:/Library/Java/JavaVirtualMachines/jdk1.8.0_191.jdk/Contents/Home/jre/lib/charsets.jar:/Library/Java/JavaVirtualMachines/jdk1.8.0_191.jdk/Contents/Home/jre/lib/jfr.jar:/Library/Java/JavaVirtualMachines/jdk1.8.0_191.jdk/Contents/Home/jre/classes"/>
    <property name="sun.management.compiler" value="HotSpot 64-Bit Tiered Compilers"/>
    <property name="ftp.nonProxyHosts" value="local|*.local|169.254/16|*.169.254/16"/>
    <property name="java.runtime.version" value="1.8.0_191-b12"/>
    <property name="user.name" value="maxgolov"/>
    <property name="path.separator" value=":"/>
    <property name="os.version" value="10.14.1"/>
    <property name="java.endorsed.dirs" value="/Library/Java/JavaVirtualMachines/jdk1.8.0_191.jdk/Contents/Home/jre/lib/endorsed"/>
    <property name="java.runtime.name" value="Java(TM) SE Runtime Environment"/>
    <property name="file.encoding" value="US-ASCII"/>
    <property name="java.vm.name" value="Java HotSpot(TM) 64-Bit Server VM"/>
    <property name="localRepository" value="/Users/maxgolov/.m2/repository"/>
    <property name="java.vendor.url.bug" value="http://bugreport.sun.com/bugreport/"/>
    <property name="java.io.tmpdir" value="/var/folders/k5/ly3yg2cn4sq3l_vg_cj7g7q80000gq/T/"/>
    <property name="java.version" value="1.8.0_191"/>
    <property name="user.dir" value="/Users/maxgolov/advanced/studio/maven-project"/>
    <property name="os.arch" value="x86_64"/>
    <property name="java.vm.specification.name" value="Java Virtual Machine Specification"/>
    <property name="java.awt.printerjob" value="sun.lwawt.macosx.CPrinterJob"/>
    <property name="sun.os.patch.level" value="unknown"/>
    <property name="java.library.path" value="/Users/maxgolov/Library/Java/Extensions:/Library/Java/Extensions:/Network/Library/Java/Extensions:/System/Library/Java/Extensions:/usr/lib/java:."/>
    <property name="java.vm.info" value="mixed mode"/>
    <property name="java.vendor" value="Oracle Corporation"/>
    <property name="java.vm.version" value="25.191-b12"/>
    <property name="java.ext.dirs" value="/Users/maxgolov/Library/Java/Extensions:/Library/Java/JavaVirtualMachines/jdk1.8.0_191.jdk/Contents/Home/jre/lib/ext:/Library/Java/Extensions:/Network/Library/Java/Extensions:/System/Library/Java/Extensions:/usr/lib/java"/>
    <property name="sun.io.unicode.encoding" value="UnicodeBig"/>
    <property name="java.class.version" value="52.0"/>
    <property name="socksNonProxyHosts" value="local|*.local|169.254/16|*.169.254/16"/>
  </properties>
  <testcase name="mavenFlowReturnsHelloMaven" classname="com.mulesoft.training.HelloMavenTest" time="2.589"/>
</testsuite>